[echo -n] works
Configuring for [markdown]
Looking for cpp
CPP=[/lib/cpp], CPPFLAGS=[]
looking for install
 (/usr/bin/install)
checking out the C compiler
checking for "volatile" keyword
checking for "const" keyword
Checking for "inline" keyword
defining WORD & DWORD scalar types
ngc9088.c: En la función ‘main’:
ngc9088.c:28:2: aviso: declaración implícita incompatible de la función interna ‘exit’ [activado por defecto]
looking for header libgen.h
looking for header pwd.h
looking for the getpwuid function
looking for the srandom function
looking for the bzero function
ngc9088.c: En la función ‘main’:
ngc9088.c:4:5: aviso: declaración implícita incompatible de la función interna ‘bzero’ [activado por defecto]
looking for the random function
looking for the strcasecmp function
ngc9088.c:1:6: aviso: tipos en conflicto para la función interna ‘strcasecmp’ [activado por defecto]
looking for the strncasecmp function
ngc9088.c:1:6: aviso: tipos en conflicto para la función interna ‘strncasecmp’ [activado por defecto]
looking for the fchdir function
looking for header malloc.h
find is /usr/bin/find
/bin/ln exists, and ln -s works
./configure.sh: 973: ./configure.sh: AC: not found
sed is /bin/sed
generating Makefile
generating version.c
generating mkdio.h
